2018-12-21 11:07:24,831 - C:\Users\Aaron\Documents\Git\JCX-flask\app\utils.py[line:39] - INFO: select `id`,`title`,`pub_date`,`album`,`author`,`type` from (select * from `news` order by pub_date desc ) tmp where 1 = 1 and `status` = 'valid' and `type` = 'news' limit 0 , 8
2018-12-21 11:07:31,632 - C:\Users\Aaron\Documents\Git\JCX-flask\app\utils.py[line:39] - INFO: select `id`,`title`,`pub_date`,`album`,`author`,`type` from (select * from `news` order by pub_date desc ) tmp where 1 = 1 and `status` = 'valid' and `type` = 'news' limit 4 , 4
2018-12-21 11:07:36,286 - C:\Users\Aaron\Documents\Git\JCX-flask\app\utils.py[line:39] - INFO: select `id`,`title`,`pub_date`,`album`,`author`,`type` from (select * from `news` order by pub_date desc ) tmp where 1 = 1 and `status` = 'valid' and `type` = 'news' limit 0 , 8
2018-12-21 11:07:41,529 - C:\Users\Aaron\Documents\Git\JCX-flask\app\utils.py[line:39] - INFO: select `id`,`pub_date`,`tag`,`title`,`type` from (select * from `notice` order by pub_date desc ) tmp where 1 = 1 limit 0 , 8 
2018-12-21 11:07:47,734 - C:\Users\Aaron\Documents\Git\JCX-flask\app\utils.py[line:39] - INFO: select `id`,`name`,`header`,`job` from `people` where `job` = '教授';
2018-12-21 11:07:47,734 - C:\Users\Aaron\Documents\Git\JCX-flask\app\utils.py[line:39] - INFO: select `id`,`name`,`header`,`job` from `people` where `job` = '副教授';
2018-12-21 11:07:47,735 - C:\Users\Aaron\Documents\Git\JCX-flask\app\utils.py[line:39] - INFO: select `id`,`name`,`header`,`job` from `people` where `job` = '讲师';
2018-12-21 11:07:47,735 - C:\Users\Aaron\Documents\Git\JCX-flask\app\utils.py[line:39] - INFO: select `id`,`name`,`header`,`job` from `people` where `job` = '其他';
2018-12-21 11:22:52,008 - C:\Users\Aaron\Documents\Git\JCX-flask\app\utils.py[line:39] - INFO: select `id`,`name`,`header`,`job` from `people` where `job` = '教授';
2018-12-21 11:22:52,009 - C:\Users\Aaron\Documents\Git\JCX-flask\app\utils.py[line:39] - INFO: select `id`,`name`,`header`,`job` from `people` where `job` = '副教授';
2018-12-21 11:22:52,010 - C:\Users\Aaron\Documents\Git\JCX-flask\app\utils.py[line:39] - INFO: select `id`,`name`,`header`,`job` from `people` where `job` = '讲师';
2018-12-21 11:22:52,011 - C:\Users\Aaron\Documents\Git\JCX-flask\app\utils.py[line:39] - INFO: select `id`,`name`,`header`,`job` from `people` where `job` = '其他';
2018-12-21 11:22:52,892 - C:\Users\Aaron\Documents\Git\JCX-flask\app\utils.py[line:39] - INFO: select `id`,`name`,`header`,`job` from `people` where `job` = '教授';
2018-12-21 11:22:52,895 - C:\Users\Aaron\Documents\Git\JCX-flask\app\utils.py[line:39] - INFO: select `id`,`name`,`header`,`job` from `people` where `job` = '副教授';
2018-12-21 11:22:52,895 - C:\Users\Aaron\Documents\Git\JCX-flask\app\utils.py[line:39] - INFO: select `id`,`name`,`header`,`job` from `people` where `job` = '讲师';
2018-12-21 11:22:52,896 - C:\Users\Aaron\Documents\Git\JCX-flask\app\utils.py[line:39] - INFO: select `id`,`name`,`header`,`job` from `people` where `job` = '其他';
2018-12-21 11:22:53,846 - C:\Users\Aaron\Documents\Git\JCX-flask\app\utils.py[line:39] - INFO: select `id`,`name`,`header`,`job` from `people` where `job` = '教授';
2018-12-21 11:22:53,847 - C:\Users\Aaron\Documents\Git\JCX-flask\app\utils.py[line:39] - INFO: select `id`,`name`,`header`,`job` from `people` where `job` = '副教授';
2018-12-21 11:22:53,849 - C:\Users\Aaron\Documents\Git\JCX-flask\app\utils.py[line:39] - INFO: select `id`,`name`,`header`,`job` from `people` where `job` = '讲师';
2018-12-21 11:22:53,850 - C:\Users\Aaron\Documents\Git\JCX-flask\app\utils.py[line:39] - INFO: select `id`,`name`,`header`,`job` from `people` where `job` = '其他';
2018-12-21 11:23:04,949 - C:\Users\Aaron\Documents\Git\JCX-flask\app\utils.py[line:39] - INFO: select `id`,`title`,`pub_date`,`album`,`author`,`type` from (select * from `news` order by pub_date desc ) tmp where 1 = 1 and `status` = 'valid' and `type` = 'news' limit 0 , 8
2018-12-21 11:23:06,104 - C:\Users\Aaron\Documents\Git\JCX-flask\app\utils.py[line:39] - INFO: select `id`,`title`,`pub_date`,`album`,`author`,`type` from (select * from `news` order by pub_date desc ) tmp where 1 = 1 and `status` = 'valid' and `type` = 'news' limit 0 , 8
2018-12-21 11:23:06,447 - C:\Users\Aaron\Documents\Git\JCX-flask\app\utils.py[line:39] - INFO: select `id`,`title`,`pub_date`,`album`,`author`,`type` from (select * from `news` order by pub_date desc ) tmp where 1 = 1 and `status` = 'valid' and `type` = 'news' limit 0 , 8
2018-12-21 11:23:06,698 - C:\Users\Aaron\Documents\Git\JCX-flask\app\utils.py[line:39] - INFO: select `id`,`title`,`pub_date`,`album`,`author`,`type` from (select * from `news` order by pub_date desc ) tmp where 1 = 1 and `status` = 'valid' and `type` = 'news' limit 0 , 8
2018-12-21 11:37:38,182 - C:\Users\Aaron\Documents\Git\JCX-flask\app\utils.py[line:39] - INFO: select `id`,`title`,`pub_date`,`album`,`author`,`type` from (select * from `news` order by pub_date desc ) tmp where 1 = 1 and `status` = 'valid' and `type` = 'news' limit 0 , 8
2018-12-21 11:38:31,091 - C:\Users\Aaron\Documents\Git\JCX-flask\app\utils.py[line:39] - INFO: select `id`,`title`,`pub_date`,`album`,`author`,`type` from (select * from `news` order by pub_date desc ) tmp where 1 = 1 and `status` = 'valid' and `type` = 'news' limit 0 , 8
2018-12-21 11:38:32,535 - C:\Users\Aaron\Documents\Git\JCX-flask\app\utils.py[line:39] - INFO: select `id`,`title`,`pub_date`,`album`,`author`,`type` from (select * from `news` order by pub_date desc ) tmp where 1 = 1 and `status` = 'valid' and `type` = 'news' limit 0 , 8
2018-12-21 11:38:32,879 - C:\Users\Aaron\Documents\Git\JCX-flask\app\utils.py[line:39] - INFO: select `id`,`title`,`pub_date`,`album`,`author`,`type` from (select * from `news` order by pub_date desc ) tmp where 1 = 1 and `status` = 'valid' and `type` = 'news' limit 0 , 8
2018-12-21 11:38:33,130 - C:\Users\Aaron\Documents\Git\JCX-flask\app\utils.py[line:39] - INFO: select `id`,`title`,`pub_date`,`album`,`author`,`type` from (select * from `news` order by pub_date desc ) tmp where 1 = 1 and `status` = 'valid' and `type` = 'news' limit 0 , 8
2018-12-21 11:38:33,366 - C:\Users\Aaron\Documents\Git\JCX-flask\app\utils.py[line:39] - INFO: select `id`,`title`,`pub_date`,`album`,`author`,`type` from (select * from `news` order by pub_date desc ) tmp where 1 = 1 and `status` = 'valid' and `type` = 'news' limit 0 , 8
2018-12-21 11:38:33,579 - C:\Users\Aaron\Documents\Git\JCX-flask\app\utils.py[line:39] - INFO: select `id`,`title`,`pub_date`,`album`,`author`,`type` from (select * from `news` order by pub_date desc ) tmp where 1 = 1 and `status` = 'valid' and `type` = 'news' limit 0 , 8
2018-12-21 11:38:33,804 - C:\Users\Aaron\Documents\Git\JCX-flask\app\utils.py[line:39] - INFO: select `id`,`title`,`pub_date`,`album`,`author`,`type` from (select * from `news` order by pub_date desc ) tmp where 1 = 1 and `status` = 'valid' and `type` = 'news' limit 0 , 8
2018-12-21 11:38:34,018 - C:\Users\Aaron\Documents\Git\JCX-flask\app\utils.py[line:39] - INFO: select `id`,`title`,`pub_date`,`album`,`author`,`type` from (select * from `news` order by pub_date desc ) tmp where 1 = 1 and `status` = 'valid' and `type` = 'news' limit 0 , 8
2018-12-21 11:38:34,265 - C:\Users\Aaron\Documents\Git\JCX-flask\app\utils.py[line:39] - INFO: select `id`,`title`,`pub_date`,`album`,`author`,`type` from (select * from `news` order by pub_date desc ) tmp where 1 = 1 and `status` = 'valid' and `type` = 'news' limit 0 , 8
2018-12-21 11:38:34,523 - C:\Users\Aaron\Documents\Git\JCX-flask\app\utils.py[line:39] - INFO: select `id`,`title`,`pub_date`,`album`,`author`,`type` from (select * from `news` order by pub_date desc ) tmp where 1 = 1 and `status` = 'valid' and `type` = 'news' limit 0 , 8
2018-12-21 11:38:34,749 - C:\Users\Aaron\Documents\Git\JCX-flask\app\utils.py[line:39] - INFO: select `id`,`title`,`pub_date`,`album`,`author`,`type` from (select * from `news` order by pub_date desc ) tmp where 1 = 1 and `status` = 'valid' and `type` = 'news' limit 0 , 8
2018-12-21 11:38:34,964 - C:\Users\Aaron\Documents\Git\JCX-flask\app\utils.py[line:39] - INFO: select `id`,`title`,`pub_date`,`album`,`author`,`type` from (select * from `news` order by pub_date desc ) tmp where 1 = 1 and `status` = 'valid' and `type` = 'news' limit 0 , 8
2018-12-21 11:38:35,222 - C:\Users\Aaron\Documents\Git\JCX-flask\app\utils.py[line:39] - INFO: select `id`,`title`,`pub_date`,`album`,`author`,`type` from (select * from `news` order by pub_date desc ) tmp where 1 = 1 and `status` = 'valid' and `type` = 'news' limit 0 , 8
2018-12-21 11:38:35,438 - C:\Users\Aaron\Documents\Git\JCX-flask\app\utils.py[line:39] - INFO: select `id`,`title`,`pub_date`,`album`,`author`,`type` from (select * from `news` order by pub_date desc ) tmp where 1 = 1 and `status` = 'valid' and `type` = 'news' limit 0 , 8
2018-12-21 11:38:35,922 - C:\Users\Aaron\Documents\Git\JCX-flask\app\utils.py[line:39] - INFO: select `id`,`title`,`pub_date`,`album`,`author`,`type` from (select * from `news` order by pub_date desc ) tmp where 1 = 1 and `status` = 'valid' and `type` = 'news' limit 0 , 8
2018-12-21 11:38:36,232 - C:\Users\Aaron\Documents\Git\JCX-flask\app\utils.py[line:39] - INFO: select `id`,`title`,`pub_date`,`album`,`author`,`type` from (select * from `news` order by pub_date desc ) tmp where 1 = 1 and `status` = 'valid' and `type` = 'news' limit 0 , 8
2018-12-21 11:38:37,383 - C:\Users\Aaron\Documents\Git\JCX-flask\app\utils.py[line:39] - INFO: select `id`,`title`,`pub_date`,`album`,`author`,`type` from (select * from `news` order by pub_date desc ) tmp where 1 = 1 and `status` = 'valid' and `type` = 'news' limit 0 , 8
2018-12-21 11:38:37,619 - C:\Users\Aaron\Documents\Git\JCX-flask\app\utils.py[line:39] - INFO: select `id`,`title`,`pub_date`,`album`,`author`,`type` from (select * from `news` order by pub_date desc ) tmp where 1 = 1 and `status` = 'valid' and `type` = 'news' limit 0 , 8
2018-12-21 11:38:37,819 - C:\Users\Aaron\Documents\Git\JCX-flask\app\utils.py[line:39] - INFO: select `id`,`title`,`pub_date`,`album`,`author`,`type` from (select * from `news` order by pub_date desc ) tmp where 1 = 1 and `status` = 'valid' and `type` = 'news' limit 0 , 8
2018-12-21 11:38:41,903 - C:\Users\Aaron\Documents\Git\JCX-flask\app\utils.py[line:39] - INFO: select `id`,`title`,`pub_date`,`album`,`author`,`type` from (select * from `news` order by pub_date desc ) tmp where 1 = 1 and `status` = 'valid' and `type` = 'news' limit 0 , 8
2018-12-21 11:38:42,501 - C:\Users\Aaron\Documents\Git\JCX-flask\app\utils.py[line:39] - INFO: select `id`,`title`,`pub_date`,`album`,`author`,`type` from (select * from `news` order by pub_date desc ) tmp where 1 = 1 and `status` = 'valid' and `type` = 'news' limit 0 , 8
2018-12-21 11:38:42,951 - C:\Users\Aaron\Documents\Git\JCX-flask\app\utils.py[line:39] - INFO: select `id`,`title`,`pub_date`,`album`,`author`,`type` from (select * from `news` order by pub_date desc ) tmp where 1 = 1 and `status` = 'valid' and `type` = 'news' limit 0 , 8
2018-12-21 11:38:43,325 - C:\Users\Aaron\Documents\Git\JCX-flask\app\utils.py[line:39] - INFO: select `id`,`title`,`pub_date`,`album`,`author`,`type` from (select * from `news` order by pub_date desc ) tmp where 1 = 1 and `status` = 'valid' and `type` = 'news' limit 0 , 8
2018-12-21 11:38:43,760 - C:\Users\Aaron\Documents\Git\JCX-flask\app\utils.py[line:39] - INFO: select `id`,`title`,`pub_date`,`album`,`author`,`type` from (select * from `news` order by pub_date desc ) tmp where 1 = 1 and `status` = 'valid' and `type` = 'news' limit 0 , 8
2018-12-21 11:38:44,020 - C:\Users\Aaron\Documents\Git\JCX-flask\app\utils.py[line:39] - INFO: select `id`,`title`,`pub_date`,`album`,`author`,`type` from (select * from `news` order by pub_date desc ) tmp where 1 = 1 and `status` = 'valid' and `type` = 'news' limit 0 , 8
2018-12-21 11:38:44,268 - C:\Users\Aaron\Documents\Git\JCX-flask\app\utils.py[line:39] - INFO: select `id`,`title`,`pub_date`,`album`,`author`,`type` from (select * from `news` order by pub_date desc ) tmp where 1 = 1 and `status` = 'valid' and `type` = 'news' limit 0 , 8
2018-12-21 11:38:44,538 - C:\Users\Aaron\Documents\Git\JCX-flask\app\utils.py[line:39] - INFO: select `id`,`title`,`pub_date`,`album`,`author`,`type` from (select * from `news` order by pub_date desc ) tmp where 1 = 1 and `status` = 'valid' and `type` = 'news' limit 0 , 8
2018-12-21 11:38:44,806 - C:\Users\Aaron\Documents\Git\JCX-flask\app\utils.py[line:39] - INFO: select `id`,`title`,`pub_date`,`album`,`author`,`type` from (select * from `news` order by pub_date desc ) tmp where 1 = 1 and `status` = 'valid' and `type` = 'news' limit 0 , 8
2018-12-21 11:38:45,053 - C:\Users\Aaron\Documents\Git\JCX-flask\app\utils.py[line:39] - INFO: select `id`,`title`,`pub_date`,`album`,`author`,`type` from (select * from `news` order by pub_date desc ) tmp where 1 = 1 and `status` = 'valid' and `type` = 'news' limit 0 , 8
2018-12-21 11:39:15,678 - C:\Users\Aaron\Documents\Git\JCX-flask\app\utils.py[line:39] - INFO: select `id`,`title`,`pub_date`,`album`,`author`,`type` from (select * from `news` order by pub_date desc ) tmp where 1 = 1 and `status` = 'valid' and `type` = 'news' limit 0 , 8
2018-12-21 11:41:21,938 - C:\Users\Aaron\Documents\Git\JCX-flask\app\utils.py[line:39] - INFO: select `id`,`title`,`pub_date`,`album`,`author`,`type` from (select * from `news` order by pub_date desc ) tmp where 1 = 1 and `status` = 'valid' and `type` = 'news' limit 0 , 8
2018-12-21 11:41:22,437 - C:\Users\Aaron\Documents\Git\JCX-flask\app\utils.py[line:39] - INFO: select `id`,`title`,`pub_date`,`album`,`author`,`type` from (select * from `news` order by pub_date desc ) tmp where 1 = 1 and `status` = 'valid' and `type` = 'news' limit 0 , 8
2018-12-21 11:41:22,714 - C:\Users\Aaron\Documents\Git\JCX-flask\app\utils.py[line:39] - INFO: select `id`,`title`,`pub_date`,`album`,`author`,`type` from (select * from `news` order by pub_date desc ) tmp where 1 = 1 and `status` = 'valid' and `type` = 'news' limit 0 , 8
2018-12-21 11:41:22,973 - C:\Users\Aaron\Documents\Git\JCX-flask\app\utils.py[line:39] - INFO: select `id`,`title`,`pub_date`,`album`,`author`,`type` from (select * from `news` order by pub_date desc ) tmp where 1 = 1 and `status` = 'valid' and `type` = 'news' limit 0 , 8
2018-12-21 11:41:23,572 - C:\Users\Aaron\Documents\Git\JCX-flask\app\utils.py[line:39] - INFO: select `id`,`title`,`pub_date`,`album`,`author`,`type` from (select * from `news` order by pub_date desc ) tmp where 1 = 1 and `status` = 'valid' and `type` = 'news' limit 0 , 8
2018-12-21 11:41:23,986 - C:\Users\Aaron\Documents\Git\JCX-flask\app\utils.py[line:39] - INFO: select `id`,`title`,`pub_date`,`album`,`author`,`type` from (select * from `news` order by pub_date desc ) tmp where 1 = 1 and `status` = 'valid' and `type` = 'news' limit 0 , 8
2018-12-21 11:41:24,256 - C:\Users\Aaron\Documents\Git\JCX-flask\app\utils.py[line:39] - INFO: select `id`,`title`,`pub_date`,`album`,`author`,`type` from (select * from `news` order by pub_date desc ) tmp where 1 = 1 and `status` = 'valid' and `type` = 'news' limit 0 , 8
2018-12-21 11:41:24,469 - C:\Users\Aaron\Documents\Git\JCX-flask\app\utils.py[line:39] - INFO: select `id`,`title`,`pub_date`,`album`,`author`,`type` from (select * from `news` order by pub_date desc ) tmp where 1 = 1 and `status` = 'valid' and `type` = 'news' limit 0 , 8
2018-12-21 11:41:24,684 - C:\Users\Aaron\Documents\Git\JCX-flask\app\utils.py[line:39] - INFO: select `id`,`title`,`pub_date`,`album`,`author`,`type` from (select * from `news` order by pub_date desc ) tmp where 1 = 1 and `status` = 'valid' and `type` = 'news' limit 0 , 8
2018-12-21 11:41:24,907 - C:\Users\Aaron\Documents\Git\JCX-flask\app\utils.py[line:39] - INFO: select `id`,`title`,`pub_date`,`album`,`author`,`type` from (select * from `news` order by pub_date desc ) tmp where 1 = 1 and `status` = 'valid' and `type` = 'news' limit 0 , 8
2018-12-21 11:41:26,111 - C:\Users\Aaron\Documents\Git\JCX-flask\app\utils.py[line:39] - INFO: select `id`,`title`,`pub_date`,`album`,`author`,`type` from (select * from `news` order by pub_date desc ) tmp where 1 = 1 and `status` = 'valid' and `type` = 'news' limit 0 , 8
2018-12-21 11:41:26,416 - C:\Users\Aaron\Documents\Git\JCX-flask\app\utils.py[line:39] - INFO: select `id`,`title`,`pub_date`,`album`,`author`,`type` from (select * from `news` order by pub_date desc ) tmp where 1 = 1 and `status` = 'valid' and `type` = 'news' limit 0 , 8
2018-12-21 11:41:26,664 - C:\Users\Aaron\Documents\Git\JCX-flask\app\utils.py[line:39] - INFO: select `id`,`title`,`pub_date`,`album`,`author`,`type` from (select * from `news` order by pub_date desc ) tmp where 1 = 1 and `status` = 'valid' and `type` = 'news' limit 0 , 8
2018-12-21 11:41:26,955 - C:\Users\Aaron\Documents\Git\JCX-flask\app\utils.py[line:39] - INFO: select `id`,`title`,`pub_date`,`album`,`author`,`type` from (select * from `news` order by pub_date desc ) tmp where 1 = 1 and `status` = 'valid' and `type` = 'news' limit 0 , 8
2018-12-21 11:41:27,554 - C:\Users\Aaron\Documents\Git\JCX-flask\app\utils.py[line:39] - INFO: select `id`,`title`,`pub_date`,`album`,`author`,`type` from (select * from `news` order by pub_date desc ) tmp where 1 = 1 and `status` = 'valid' and `type` = 'news' limit 0 , 8
2018-12-21 11:44:13,694 - C:\Users\Aaron\Documents\Git\JCX-flask\app\utils.py[line:39] - INFO: select `id`,`title`,`pub_date`,`album`,`author`,`type` from (select * from `news` order by pub_date desc ) tmp where 1 = 1 and `status` = 'valid' and `type` = 'news' limit 0 , 8
2018-12-21 11:48:56,725 - C:\Users\Aaron\Documents\Git\JCX-flask\app\utils.py[line:39] - INFO: select `id`,`title`,`pub_date`,`album`,`author`,`type` from (select * from `news` order by pub_date desc ) tmp where 1 = 1 and `status` = 'valid' and `type` = 'news' limit 0 , 8
2018-12-21 11:48:56,943 - C:\Users\Aaron\Documents\Git\JCX-flask\app\utils.py[line:39] - INFO: select `id`,`title`,`pub_date`,`album`,`author`,`type` from (select * from `news` order by pub_date desc ) tmp where 1 = 1 and `status` = 'valid' and `type` = 'news' limit 0 , 8
2018-12-21 11:48:57,117 - C:\Users\Aaron\Documents\Git\JCX-flask\app\utils.py[line:39] - INFO: select `id`,`title`,`pub_date`,`album`,`author`,`type` from (select * from `news` order by pub_date desc ) tmp where 1 = 1 and `status` = 'valid' and `type` = 'news' limit 0 , 8
2018-12-21 11:48:57,274 - C:\Users\Aaron\Documents\Git\JCX-flask\app\utils.py[line:39] - INFO: select `id`,`title`,`pub_date`,`album`,`author`,`type` from (select * from `news` order by pub_date desc ) tmp where 1 = 1 and `status` = 'valid' and `type` = 'news' limit 0 , 8
2018-12-21 11:48:57,443 - C:\Users\Aaron\Documents\Git\JCX-flask\app\utils.py[line:39] - INFO: select `id`,`title`,`pub_date`,`album`,`author`,`type` from (select * from `news` order by pub_date desc ) tmp where 1 = 1 and `status` = 'valid' and `type` = 'news' limit 0 , 8
2018-12-21 11:48:57,636 - C:\Users\Aaron\Documents\Git\JCX-flask\app\utils.py[line:39] - INFO: select `id`,`title`,`pub_date`,`album`,`author`,`type` from (select * from `news` order by pub_date desc ) tmp where 1 = 1 and `status` = 'valid' and `type` = 'news' limit 0 , 8
2018-12-21 11:48:57,782 - C:\Users\Aaron\Documents\Git\JCX-flask\app\utils.py[line:39] - INFO: select `id`,`title`,`pub_date`,`album`,`author`,`type` from (select * from `news` order by pub_date desc ) tmp where 1 = 1 and `status` = 'valid' and `type` = 'news' limit 0 , 8
2018-12-21 11:48:57,924 - C:\Users\Aaron\Documents\Git\JCX-flask\app\utils.py[line:39] - INFO: select `id`,`title`,`pub_date`,`album`,`author`,`type` from (select * from `news` order by pub_date desc ) tmp where 1 = 1 and `status` = 'valid' and `type` = 'news' limit 0 , 8
2018-12-21 11:48:58,109 - C:\Users\Aaron\Documents\Git\JCX-flask\app\utils.py[line:39] - INFO: select `id`,`title`,`pub_date`,`album`,`author`,`type` from (select * from `news` order by pub_date desc ) tmp where 1 = 1 and `status` = 'valid' and `type` = 'news' limit 0 , 8
